<?xml version="1.0" encoding="UTF-8"?>
<!-- Generated by org.testng.reporters.JUnitReportReporter -->
<testsuite hostname="shailesh" failures="0" tests="4" name="api.test.DDTests" time="17.737" errors="0" timestamp="2025-04-19T07:56:32 IST" skipped="0">
  <testcase classname="api.test.DDTests" name="testpostuser" time="7.814"/>
  <testcase classname="api.test.DDTests" name="testpostuser" time="3.190"/>
  <testcase classname="api.test.DDTests" name="testdeleteuser" time="4.019"/>
  <testcase classname="api.test.DDTests" name="testdeleteuser" time="2.714"/>
</testsuite> <!-- api.test.DDTests -->
