<?xml version="1.0" encoding="UTF-8"?>
<!-- Generated by org.testng.reporters.JUnitReportReporter -->
<testsuite hostname="shailesh" failures="0" tests="4" name="api.test.UserTests" time="17.435" errors="0" timestamp="2025-08-07T20:38:27 IST" skipped="0">
  <testcase classname="api.test.UserTests" name="testpostuser" time="8.088"/>
  <testcase classname="api.test.UserTests" name="testGetUserByName" time="2.085"/>
  <testcase classname="api.test.UserTests" name="testUpdateUserByUserName" time="3.881"/>
  <testcase classname="api.test.UserTests" name="testDeleteUserByName" time="3.381"/>
</testsuite> <!-- api.test.UserTests -->
