<?xml version="1.0" encoding="UTF-8"?>
<!-- Generated by org.testng.reporters.JUnitReportReporter -->
<testsuite hostname="shailesh" failures="0" tests="3" name="api.test.StoreTests" time="13.740" errors="0" timestamp="2025-05-04T19:35:38 IST" skipped="0">
  <testcase classname="api.test.StoreTests" name="testpostorder" time="8.106"/>
  <testcase classname="api.test.StoreTests" name="testgetorder" time="3.053"/>
  <testcase classname="api.test.StoreTests" name="testdeleteorder" time="2.581"/>
</testsuite> <!-- api.test.StoreTests -->
