<?xml version="1.0" encoding="UTF-8"?>
<!-- Generated by org.testng.reporters.JUnitReportReporter -->
<testsuite hostname="shailesh" failures="0" tests="3" name="api.test.StoreTests" time="19.182" errors="0" timestamp="2025-06-24T19:58:23 IST" skipped="0">
  <testcase classname="api.test.StoreTests" name="testpostorder" time="9.190"/>
  <testcase classname="api.test.StoreTests" name="testgetorder" time="8.573"/>
  <testcase classname="api.test.StoreTests" name="testdeleteorder" time="1.419"/>
</testsuite> <!-- api.test.StoreTests -->
