<?xml version="1.0" encoding="UTF-8"?>
<!-- Generated by org.testng.reporters.JUnitReportReporter -->
<testsuite hostname="shailesh" failures="0" tests="4" name="api.test.UserTests" time="12.994" errors="0" timestamp="2025-08-07T20:53:18 IST" skipped="0">
  <testcase classname="api.test.UserTests" name="testpostuser" time="8.842"/>
  <testcase classname="api.test.UserTests" name="testGetUserByName" time="1.455"/>
  <testcase classname="api.test.UserTests" name="testUpdateUserByUserName" time="1.333"/>
  <testcase classname="api.test.UserTests" name="testDeleteUserByName" time="1.364"/>
</testsuite> <!-- api.test.UserTests -->
